Value of objective function:      2331389.734
COL00100            937.34
COL00101                 0
COL00102            312.23
COL00103            312.23
COL00104                 0
COL00105            312.23
COL00106            312.23
COL00107            3533.3
COL00108            2566.7
COL00109                 0
COL00110               800
COL00111            3544.2
COL00112                 0
COL00113                 0
COL00114                 0
COL00115            312.23
COL00116            312.23
COL00117            710.99
COL00118            171.66
COL00119            710.99
COL00120            550.89
COL00121                 0
COL00122             355.5
COL00123             355.5
COL00124                 0
COL00125             355.5
COL00126             355.5
COL00127            3533.3
COL00128            2566.7
COL00129                 0
COL00130               800
COL00131            4569.3
COL00132                 0
COL00133                 0
COL00134             355.5
COL00135                 0
COL00136             355.5
COL00137            809.92
COL00138                 0
COL00139                 0
COL00140                 0
COL00050            835.19
COL00051            1133.8
COL00052                 0
COL00053                 0
COL00054                 0
COL00055            210.32
COL00056            210.32
COL00057            482.05
COL00058            112.85
COL00059            2365.2
COL00060              1200
COL00061                 0
COL00062            241.02
COL00063            241.02
COL00064                 0
COL00065            241.02
COL00066            241.02
COL00067            3439.4
COL00068            2566.7
COL00069                 0
COL00070            893.97
COL00071            1856.9
COL00072                 0
COL00073                 0
COL00074                 0
COL00075            241.02
COL00076            241.02
COL00077            547.75
COL00078            206.56
COL00079            1883.2
COL00080            1178.1
COL00081                 0
COL00082            273.88
COL00083            273.88
COL00084                 0
COL00085            273.88
COL00086            273.88
COL00087            3533.3
COL00088            2566.7
COL00089                 0
COL00090               800
COL00091            2636.7
COL00092                 0
COL00093                 0
COL00094                 0
COL00095            273.88
COL00096            273.88
COL00097            624.45
COL00098            236.08
COL00099            1335.4
COL00001                 0
COL00002               158
COL00003               158
COL00004                 0
COL00005               158
COL00006               158
COL00007                 0
COL00008            2504.4
COL00009              1430
COL00010            1365.6
COL00011                 0
COL00012                 0
COL00013              1600
COL00014                 0
COL00015               158
COL00016               158
COL00017             375.2
COL00018              14.7
COL00019              2400
COL00020            915.23
COL00021                 0
COL00022             187.6
COL00023             187.6
COL00024                 0
COL00025             187.6
COL00026             187.6
COL00027            2210.9
COL00028            2566.7
COL00029            312.67
COL00030            961.68
COL00031            586.46
COL00032                 0
COL00033            848.11
COL00034                 0
COL00035             187.6
COL00036             187.6
COL00037            420.64
COL00038                 0
COL00039              2400
COL00040              1164
COL00041                 0
COL00042            210.32
COL00043            210.32
COL00044                 0
COL00045            210.32
COL00046            210.32
COL00047            3176.6
COL00048            2566.7
COL00049            321.57

Dual values:
r_000001            3260.6
r_000002            116.34
r_000003           -3321.2
r_000004           -176.89
r_000005           -6.1667
r_000006             -0.47
r_000007                 0
r_000008             -3374
r_000009           -229.74
r_000010             -40.6
r_000011            -5.225
r_000012             -6.37
r_000013            2545.5
r_000014            95.006
r_000015           -2609.8
r_000016           -159.33
r_000017               -15
r_000018                 0
r_000019                 0
r_000020           -2679.1
r_000021           -228.58
r_000022           -3421.3
r_000023             -43.6
r_000024           -5.6167
r_000025             -6.84
r_000026                 0
r_000027            1951.1
r_000028            92.068
r_000029           -2015.7
r_000030           -156.62
r_000031               -15
r_000032              0.47
r_000033                 0
r_000034           -2086.1
r_000035           -227.11
r_000036           -2727.5
r_000037            -45.95
r_000038           -6.0083
r_000039             -7.31
r_000040                 0
r_000041              1399
r_000042            88.723
r_000043           -1463.9
r_000044           -153.58
r_000045               -15
r_000046              1.07
r_000047                 0
r_000048             -1536
r_000049           -225.64
r_000050             -2136
r_000051            -48.95
r_000052           -6.3983
r_000053             -7.91
r_000054                 0
r_000055            991.55
r_000056            85.625
r_000057           -1056.6
r_000058           -150.71
r_000059               -15
r_000060              1.67
r_000061             -0.13
r_000062           -1130.1
r_000063           -224.17
r_000064           -1587.3
r_000065            -51.95
r_000066           -6.7883
r_000067             -8.38
r_000068                 0
r_000069            467.53
r_000070            82.527
r_000071           -532.85
r_000072           -147.85
r_000073               -15
r_000074              2.27
r_000075             -0.26
r_000076            -607.7
r_000077            -222.7
r_000078           -1182.9
r_000079            -54.95
r_000080           -7.1783
r_000081             -8.85
r_000082                 0
r_000083            358.19
r_000084            116.49
r_000085           -423.75
r_000086           -182.05
r_000087               -15
r_000088              2.87
r_000089             -0.39
r_000090              -500
r_000091            -258.3
r_000092              -662
r_000093            -57.95
r_000094           -7.5683
r_000095             -9.32
r_000096                 0
