Value of objective function:     0.4689363224
X1                  0.0232
X2                       0
X3                       0
X4                       0
X5                       0
X6                       0
X7                       0
X8                 0.15108
X9                 0.41633
X10                      0
X11                      0
X12                0.40939
X13                0.41645
X14               0.052486
X15                      0
X16                      0

Dual values:
r_000001                 0
r_000002                 0
r_000003        -0.0022575
r_000004                 0
r_000005                 0
r_000006                 0
r_000007                 0
r_000008                 0
r_000009                 0
r_000010                 0
r_000011                 0
r_000012                 0
r_000013        -0.0025478
r_000014                 0
r_000015                 0
r_000016                 0
r_000017                 0
r_000018                 0
r_000019         0.0046847
r_000020                 0
r_000021                 0
r_000022                 0
r_000023                 0
r_000024                 0
r_000025        0.00023932
r_000026        1.4087e-05
r_000027                 0
r_000028                 0
r_000029        4.6688e-06
